{"/Users/tangzheng/Documents/zhlWork/hlzn/hlzn-design-vue/src/packages/button/index.vue": {"path":"/Users/tangzheng/Documents/zhlWork/hlzn/hlzn-design-vue/src/packages/button/index.vue","statementMap":{"0":{"start":{"line":6,"column":0},"end":{"line":6,"column":null}},"1":{"start":{"line":8,"column":0},"end":{"line":8,"column":15}},"2":{"start":{"line":17,"column":4},"end":{"line":17,"column":11}}},"fnMap":{"0":{"name":"(anonymous_0)","decl":{"start":{"line":16,"column":7},"end":{"line":16,"column":null}},"loc":{"start":{"line":16,"column":7},"end":{"line":18,"column":null}}}},"branchMap":{},"s":{"0":1,"1":1,"2":1},"f":{"0":1},"b":{}}
,"/Users/tangzheng/Documents/zhlWork/hlzn/hlzn-design-vue/src/packages/singleSelect/src/index.vue": {"path":"/Users/tangzheng/Documents/zhlWork/hlzn/hlzn-design-vue/src/packages/singleSelect/src/index.vue","statementMap":{"0":{"start":{"line":27,"column":0},"end":{"line":27,"column":null}},"1":{"start":{"line":28,"column":0},"end":{"line":28,"column":null}},"2":{"start":{"line":29,"column":0},"end":{"line":29,"column":null}},"3":{"start":{"line":32,"column":0},"end":{"line":32,"column":15}},"4":{"start":{"line":40,"column":21},"end":{"line":40,"column":23}},"5":{"start":{"line":41,"column":23},"end":{"line":41,"column":27}},"6":{"start":{"line":42,"column":43},"end":{"line":42,"column":null}},"7":{"start":{"line":47,"column":25},"end":{"line":49,"column":null}},"8":{"start":{"line":48,"column":6},"end":{"line":48,"column":10}},"9":{"start":{"line":51,"column":25},"end":{"line":53,"column":null}},"10":{"start":{"line":52,"column":6},"end":{"line":52,"column":16}},"11":{"start":{"line":55,"column":4},"end":{"line":55,"column":11}}},"fnMap":{"0":{"name":"(anonymous_0)","decl":{"start":{"line":40,"column":2},"end":{"line":40,"column":7}},"loc":{"start":{"line":40,"column":23},"end":{"line":61,"column":null}}},"1":{"name":"(anonymous_1)","decl":{"start":{"line":47,"column":25},"end":{"line":47,"column":26}},"loc":{"start":{"line":47,"column":39},"end":{"line":49,"column":null}}},"2":{"name":"(anonymous_2)","decl":{"start":{"line":51,"column":25},"end":{"line":51,"column":null}},"loc":{"start":{"line":51,"column":25},"end":{"line":53,"column":null}}}},"branchMap":{},"s":{"0":1,"1":1,"2":1,"3":1,"4":1,"5":1,"6":1,"7":1,"8":0,"9":1,"10":0,"11":1},"f":{"0":1,"1":0,"2":0},"b":{}}
,"/Users/tangzheng/Documents/zhlWork/hlzn/hlzn-design-vue/src/packages/singleSelect/src/props.ts": {"path":"/Users/tangzheng/Documents/zhlWork/hlzn/hlzn-design-vue/src/packages/singleSelect/src/props.ts","statementMap":{"0":{"start":{"line":4,"column":26},"end":{"line":20,"column":1}},"1":{"start":{"line":18,"column":19},"end":{"line":18,"column":21}}},"fnMap":{"0":{"name":"(anonymous_0)","decl":{"start":{"line":18,"column":13},"end":{"line":18,"column":14}},"loc":{"start":{"line":18,"column":19},"end":{"line":18,"column":21}},"line":18}},"branchMap":{},"s":{"0":1,"1":1},"f":{"0":1},"b":{},"_coverageSchema":"1a1c01bbd47fc00a2c39e90264f33305004495a9","hash":"60cdb0e4c1d1149ec06d4cc953c44c448acaddf2"}
}
