TN:
SF:src/packages/button/index.vue
FN:16,(anonymous_0)
FNF:1
FNH:1
FNDA:1,(anonymous_0)
DA:6,1
DA:8,1
DA:17,1
LF:3
LH:3
BRF:0
BRH:0
end_of_record
TN:
SF:src/packages/singleSelect/src/index.vue
FN:40,(anonymous_0)
FN:47,(anonymous_1)
FN:51,(anonymous_2)
FNF:3
FNH:1
FNDA:1,(anonymous_0)
FNDA:0,(anonymous_1)
FNDA:0,(anonymous_2)
DA:27,1
DA:28,1
DA:29,1
DA:32,1
DA:40,1
DA:41,1
DA:42,1
DA:47,1
DA:48,0
DA:51,1
DA:52,0
DA:55,1
LF:12
LH:10
BRF:0
BRH:0
end_of_record
TN:
SF:src/packages/singleSelect/src/props.ts
FN:18,(anonymous_0)
FNF:1
FNH:1
FNDA:1,(anonymous_0)
DA:4,1
DA:18,1
LF:2
LH:2
BRF:0
BRH:0
end_of_record
